<?xml version="1.0" encoding="UTF-8"?>
<!-- Generated by org.testng.reporters.JUnitReportReporter -->
<testsuite hostname="RamiReddy" failures="0" tests="1" name="com.hrms.pages.Class_number1" time="0.008" errors="0" timestamp="2024-01-22T14:32:44 IST" skipped="0">
  <testcase classname="com.hrms.pages.Class_number1" name="LaunchAUT" time="0.008"/>
  <system-out/>
</testsuite> <!-- com.hrms.pages.Class_number1 -->
